{"contracts\\MockPresaleToken.sol":{"l":{"11":72,"16":11},"path":"C:\\Users\\hp\\perShare_Production\\contracts\\MockPresaleToken.sol","s":{"1":72,"2":11},"b":{},"f":{"1":72,"2":11},"fnMap":{"1":{"name":"constructor","line":10,"loc":{"start":{"line":10,"column":4},"end":{"line":12,"column":4}}},"2":{"name":"sendToShare","line":15,"loc":{"start":{"line":15,"column":4},"end":{"line":17,"column":4}}}},"statementMap":{"1":{"start":{"line":11,"column":8},"end":{"line":11,"column":45}},"2":{"start":{"line":16,"column":8},"end":{"line":16,"column":54}}},"branchMap":{}},"contracts\\MockToken.sol":{"l":{"12":0,"16":0,"20":0},"path":"C:\\Users\\hp\\perShare_Production\\contracts\\MockToken.sol","s":{"1":0,"2":0},"b":{},"f":{"1":0,"2":0,"3":0},"fnMap":{"1":{"name":"constructor","line":10,"loc":{"start":{"line":9,"column":4},"end":{"line":13,"column":4}}},"2":{"name":"decimals","line":15,"loc":{"start":{"line":15,"column":4},"end":{"line":17,"column":4}}},"3":{"name":"mint","line":19,"loc":{"start":{"line":19,"column":4},"end":{"line":21,"column":4}}}},"statementMap":{"1":{"start":{"line":16,"column":8},"end":{"line":16,"column":24}},"2":{"start":{"line":20,"column":8},"end":{"line":20,"column":24}}},"branchMap":{}},"contracts\\MockUSDT.sol":{"l":{"11":71,"16":211},"path":"C:\\Users\\hp\\perShare_Production\\contracts\\MockUSDT.sol","s":{"1":71,"2":211},"b":{},"f":{"1":71,"2":211},"fnMap":{"1":{"name":"constructor","line":10,"loc":{"start":{"line":10,"column":4},"end":{"line":12,"column":4}}},"2":{"name":"faucet","line":15,"loc":{"start":{"line":15,"column":4},"end":{"line":17,"column":4}}}},"statementMap":{"1":{"start":{"line":11,"column":8},"end":{"line":11,"column":44}},"2":{"start":{"line":16,"column":8},"end":{"line":16,"column":24}}},"branchMap":{}},"contracts\\PerShareV1.sol":{"l":{"143":236,"144":234,"148":217,"149":213,"150":211,"156":70,"157":70,"161":6,"162":4,"163":4,"167":2,"168":1,"169":1,"173":1,"174":1,"178":0,"179":0,"180":0,"184":27,"185":1,"186":1,"187":0,"189":0,"207":71,"208":71,"209":70,"210":69,"211":69,"212":68,"213":68,"214":67,"215":67,"217":66,"219":66,"220":191,"221":191,"222":190,"225":65,"226":65,"227":65,"228":65,"229":65,"230":65,"231":65,"232":65,"233":65,"234":65,"235":65,"236":65,"237":65,"238":65,"240":65,"242":65,"243":65,"255":148,"257":148,"258":147,"260":147,"265":147,"266":147,"268":147,"277":51,"279":51,"283":50,"288":49,"289":49,"291":49,"293":49,"294":27,"304":27,"305":27,"307":27,"308":27,"309":27,"310":27,"312":27,"317":27,"318":25,"324":27,"336":17,"338":17,"339":16,"340":16,"341":16,"342":15,"343":14,"345":13,"346":13,"348":12,"349":12,"351":12,"353":12,"354":6,"368":6,"369":6,"371":6,"372":6,"373":6,"375":6,"376":18,"377":18,"379":18,"380":18,"381":6,"383":18,"384":18,"385":18,"386":18,"394":6,"395":6,"396":0,"402":6,"411":8,"413":8,"414":6,"416":6,"418":6,"420":6,"421":18,"422":18,"424":18,"425":16,"426":16,"430":16,"434":6,"442":5,"446":2,"450":14,"451":14,"452":13,"453":12,"454":12,"455":12,"456":12,"472":1,"473":1,"493":7,"494":7,"506":1,"515":4,"516":4,"519":4,"523":2,"527":1,"531":0,"535":0,"539":0},"path":"C:\\Users\\hp\\perShare_Production\\contracts\\PerShareV1.sol","s":{"1":236,"2":217,"3":213,"4":70,"5":6,"6":4,"7":2,"8":1,"9":1,"10":0,"11":0,"12":27,"13":26,"14":1,"15":1,"16":1,"17":0,"18":0,"19":71,"20":71,"21":70,"22":69,"23":69,"24":68,"25":68,"26":67,"27":67,"28":66,"29":66,"30":191,"31":191,"32":65,"33":65,"34":65,"35":148,"36":148,"37":147,"38":147,"39":147,"40":51,"41":51,"42":50,"43":49,"44":49,"45":27,"46":27,"47":27,"48":27,"49":27,"50":27,"51":27,"52":27,"53":25,"54":27,"55":17,"56":17,"57":16,"58":16,"59":16,"60":15,"61":14,"62":13,"63":13,"64":12,"65":12,"66":6,"67":6,"68":6,"69":6,"70":6,"71":6,"72":18,"73":18,"74":18,"75":18,"76":18,"77":18,"78":18,"79":6,"80":6,"81":0,"82":6,"83":8,"84":8,"85":6,"86":6,"87":6,"88":18,"89":18,"90":18,"91":16,"92":6,"93":5,"94":2,"95":14,"96":14,"97":13,"98":12,"99":12,"100":12,"101":1,"102":1,"103":7,"104":7,"105":1,"106":4,"107":4,"108":4,"109":2,"110":1,"111":0,"112":0,"113":0},"b":{"1":[234,2],"2":[213,4],"3":[211,2],"4":[70,0],"5":[6,1],"6":[4,2],"7":[2,0],"8":[1,1],"9":[1,0],"10":[0,0],"11":[0,0],"12":[26,1],"13":[1,0],"14":[71,0],"15":[71,0],"16":[70,1],"17":[69,1],"18":[69,0],"19":[68,1],"20":[68,0],"21":[67,1],"22":[67,0],"23":[66,1],"24":[191,0],"25":[190,1],"26":[150,1],"27":[149,1],"28":[148,1],"29":[148,0],"30":[147,1],"31":[147,0],"32":[147,0],"33":[54,0],"34":[53,1],"35":[51,2],"36":[51,0],"37":[50,1],"38":[49,1],"39":[27,22],"40":[27,0],"41":[25,2],"42":[25,0],"43":[17,0],"44":[17,0],"45":[17,0],"46":[16,1],"47":[16,0],"48":[16,0],"49":[15,1],"50":[14,1],"51":[13,1],"52":[12,1],"53":[6,6],"54":[18,0],"55":[6,12],"56":[18,0],"57":[18,0],"58":[0,6],"59":[0,0],"60":[13,1],"61":[9,4],"62":[8,1],"63":[8,0],"64":[6,2],"65":[6,0],"66":[16,2],"67":[16,0],"68":[5,1],"69":[2,0],"70":[14,0],"71":[13,1],"72":[12,1],"73":[12,0],"74":[12,0],"75":[4,0]},"f":{"1":236,"2":217,"3":70,"4":6,"5":2,"6":1,"7":0,"8":27,"9":71,"10":148,"11":51,"12":27,"13":17,"14":6,"15":8,"16":5,"17":2,"18":14,"19":1,"20":7,"21":1,"22":4,"23":2,"24":1,"25":0,"26":0,"27":0},"fnMap":{"1":{"name":"onlyMember","line":142,"loc":{"start":{"line":142,"column":4},"end":{"line":145,"column":4}}},"2":{"name":"notClosed","line":147,"loc":{"start":{"line":147,"column":4},"end":{"line":151,"column":4}}},"3":{"name":"constructor","line":155,"loc":{"start":{"line":155,"column":4},"end":{"line":158,"column":4}}},"4":{"name":"setFeeBPS","line":160,"loc":{"start":{"line":160,"column":4},"end":{"line":164,"column":4}}},"5":{"name":"setFeeRecipient","line":166,"loc":{"start":{"line":166,"column":4},"end":{"line":170,"column":4}}},"6":{"name":"setPlatformToken","line":172,"loc":{"start":{"line":172,"column":4},"end":{"line":175,"column":4}}},"7":{"name":"setDiscountThreshold","line":177,"loc":{"start":{"line":177,"column":4},"end":{"line":181,"column":4}}},"8":{"name":"getEffectiveFee","line":183,"loc":{"start":{"line":183,"column":4},"end":{"line":191,"column":4}}},"9":{"name":"createShare","line":205,"loc":{"start":{"line":197,"column":4},"end":{"line":244,"column":4}}},"10":{"name":"contribute","line":253,"loc":{"start":{"line":250,"column":4},"end":{"line":269,"column":4}}},"11":{"name":"validate","line":275,"loc":{"start":{"line":275,"column":4},"end":{"line":296,"column":4}}},"12":{"name":"_sendFunds","line":302,"loc":{"start":{"line":302,"column":4},"end":{"line":325,"column":4}}},"13":{"name":"validateDistribution","line":334,"loc":{"start":{"line":331,"column":4},"end":{"line":356,"column":4}}},"14":{"name":"_distributeTokens","line":362,"loc":{"start":{"line":362,"column":4},"end":{"line":403,"column":4}}},"15":{"name":"refund","line":409,"loc":{"start":{"line":409,"column":4},"end":{"line":435,"column":4}}},"16":{"name":"pause","line":441,"loc":{"start":{"line":441,"column":4},"end":{"line":443,"column":4}}},"17":{"name":"unpause","line":445,"loc":{"start":{"line":445,"column":4},"end":{"line":447,"column":4}}},"18":{"name":"setExpectedToken","line":449,"loc":{"start":{"line":449,"column":4},"end":{"line":457,"column":4}}},"19":{"name":"getShareDetails","line":463,"loc":{"start":{"line":463,"column":4},"end":{"line":482,"column":4}}},"20":{"name":"getShareStatus","line":484,"loc":{"start":{"line":484,"column":4},"end":{"line":503,"column":4}}},"21":{"name":"getShareMembers","line":505,"loc":{"start":{"line":505,"column":4},"end":{"line":507,"column":4}}},"22":{"name":"getProgress","line":509,"loc":{"start":{"line":509,"column":4},"end":{"line":520,"column":4}}},"23":{"name":"getContribution","line":522,"loc":{"start":{"line":522,"column":4},"end":{"line":524,"column":4}}},"24":{"name":"hasValidated","line":526,"loc":{"start":{"line":526,"column":4},"end":{"line":528,"column":4}}},"25":{"name":"hasValidatedDist","line":530,"loc":{"start":{"line":530,"column":4},"end":{"line":532,"column":4}}},"26":{"name":"getTokenBalance","line":534,"loc":{"start":{"line":534,"column":4},"end":{"line":536,"column":4}}},"27":{"name":"getMembers","line":538,"loc":{"start":{"line":538,"column":4},"end":{"line":540,"column":4}}}},"statementMap":{"1":{"start":{"line":143,"column":8},"end":{"line":143,"column":64}},"2":{"start":{"line":148,"column":8},"end":{"line":148,"column":61}},"3":{"start":{"line":149,"column":8},"end":{"line":149,"column":64}},"4":{"start":{"line":156,"column":8},"end":{"line":156,"column":78}},"5":{"start":{"line":161,"column":8},"end":{"line":161,"column":59}},"6":{"start":{"line":163,"column":8},"end":{"line":163,"column":32}},"7":{"start":{"line":167,"column":8},"end":{"line":167,"column":73}},"8":{"start":{"line":169,"column":8},"end":{"line":169,"column":47}},"9":{"start":{"line":174,"column":8},"end":{"line":174,"column":37}},"10":{"start":{"line":178,"column":8},"end":{"line":178,"column":62}},"11":{"start":{"line":180,"column":8},"end":{"line":180,"column":49}},"12":{"start":{"line":184,"column":8},"end":{"line":184,"column":54}},"13":{"start":{"line":184,"column":41},"end":{"line":184,"column":54}},"14":{"start":{"line":185,"column":8},"end":{"line":185,"column":6353}},"15":{"start":{"line":186,"column":12},"end":{"line":186,"column":54}},"16":{"start":{"line":186,"column":46},"end":{"line":186,"column":54}},"17":{"start":{"line":187,"column":12},"end":{"line":187,"column":25}},"18":{"start":{"line":189,"column":12},"end":{"line":189,"column":25}},"19":{"start":{"line":207,"column":8},"end":{"line":207,"column":68}},"20":{"start":{"line":208,"column":8},"end":{"line":208,"column":72}},"21":{"start":{"line":209,"column":8},"end":{"line":209,"column":73}},"22":{"start":{"line":210,"column":8},"end":{"line":210,"column":78}},"23":{"start":{"line":211,"column":8},"end":{"line":211,"column":79}},"24":{"start":{"line":212,"column":8},"end":{"line":212,"column":74}},"25":{"start":{"line":213,"column":8},"end":{"line":213,"column":81}},"26":{"start":{"line":214,"column":8},"end":{"line":214,"column":74}},"27":{"start":{"line":215,"column":8},"end":{"line":215,"column":82}},"28":{"start":{"line":217,"column":8},"end":{"line":217,"column":31}},"29":{"start":{"line":219,"column":8},"end":{"line":219,"column":7801}},"30":{"start":{"line":220,"column":12},"end":{"line":220,"column":73}},"31":{"start":{"line":221,"column":12},"end":{"line":221,"column":75}},"32":{"start":{"line":225,"column":8},"end":{"line":225,"column":36}},"33":{"start":{"line":242,"column":8},"end":{"line":242,"column":95}},"34":{"start":{"line":243,"column":8},"end":{"line":243,"column":17}},"35":{"start":{"line":255,"column":8},"end":{"line":255,"column":36}},"36":{"start":{"line":257,"column":8},"end":{"line":257,"column":74}},"37":{"start":{"line":258,"column":8},"end":{"line":258,"column":73}},"38":{"start":{"line":260,"column":8},"end":{"line":260,"column":9304}},"39":{"start":{"line":268,"column":8},"end":{"line":268,"column":74}},"40":{"start":{"line":277,"column":8},"end":{"line":277,"column":36}},"41":{"start":{"line":279,"column":8},"end":{"line":279,"column":9988}},"42":{"start":{"line":283,"column":8},"end":{"line":283,"column":10108}},"43":{"start":{"line":291,"column":8},"end":{"line":291,"column":78}},"44":{"start":{"line":293,"column":8},"end":{"line":293,"column":10372}},"45":{"start":{"line":294,"column":12},"end":{"line":294,"column":25}},"46":{"start":{"line":304,"column":8},"end":{"line":304,"column":36}},"47":{"start":{"line":307,"column":8},"end":{"line":307,"column":44}},"48":{"start":{"line":308,"column":8},"end":{"line":308,"column":57}},"49":{"start":{"line":309,"column":8},"end":{"line":309,"column":59}},"50":{"start":{"line":310,"column":8},"end":{"line":310,"column":47}},"51":{"start":{"line":312,"column":8},"end":{"line":312,"column":11010}},"52":{"start":{"line":317,"column":8},"end":{"line":317,"column":11154}},"53":{"start":{"line":318,"column":12},"end":{"line":318,"column":11192}},"54":{"start":{"line":324,"column":8},"end":{"line":324,"column":61}},"55":{"start":{"line":336,"column":8},"end":{"line":336,"column":36}},"56":{"start":{"line":338,"column":8},"end":{"line":338,"column":82}},"57":{"start":{"line":339,"column":8},"end":{"line":339,"column":76}},"58":{"start":{"line":340,"column":8},"end":{"line":340,"column":76}},"59":{"start":{"line":341,"column":8},"end":{"line":341,"column":86}},"60":{"start":{"line":342,"column":8},"end":{"line":342,"column":75}},"61":{"start":{"line":343,"column":8},"end":{"line":343,"column":86}},"62":{"start":{"line":345,"column":8},"end":{"line":345,"column":76}},"63":{"start":{"line":346,"column":8},"end":{"line":346,"column":65}},"64":{"start":{"line":351,"column":8},"end":{"line":351,"column":86}},"65":{"start":{"line":353,"column":8},"end":{"line":353,"column":12668}},"66":{"start":{"line":354,"column":12},"end":{"line":354,"column":60}},"67":{"start":{"line":368,"column":8},"end":{"line":368,"column":36}},"68":{"start":{"line":371,"column":8},"end":{"line":371,"column":46}},"69":{"start":{"line":372,"column":8},"end":{"line":372,"column":31}},"70":{"start":{"line":373,"column":8},"end":{"line":373,"column":45}},"71":{"start":{"line":375,"column":8},"end":{"line":375,"column":13357}},"72":{"start":{"line":376,"column":12},"end":{"line":376,"column":47}},"73":{"start":{"line":377,"column":12},"end":{"line":377,"column":60}},"74":{"start":{"line":379,"column":12},"end":{"line":379,"column":13534}},"75":{"start":{"line":380,"column":16},"end":{"line":380,"column":13578}},"76":{"start":{"line":383,"column":16},"end":{"line":383,"column":82}},"77":{"start":{"line":384,"column":16},"end":{"line":384,"column":13781}},"78":{"start":{"line":386,"column":20},"end":{"line":386,"column":13878}},"79":{"start":{"line":394,"column":8},"end":{"line":394,"column":48}},"80":{"start":{"line":395,"column":8},"end":{"line":395,"column":14135}},"81":{"start":{"line":396,"column":12},"end":{"line":396,"column":14201}},"82":{"start":{"line":402,"column":8},"end":{"line":402,"column":61}},"83":{"start":{"line":411,"column":8},"end":{"line":411,"column":36}},"84":{"start":{"line":413,"column":8},"end":{"line":413,"column":84}},"85":{"start":{"line":414,"column":8},"end":{"line":414,"column":76}},"86":{"start":{"line":418,"column":8},"end":{"line":418,"column":33}},"87":{"start":{"line":420,"column":8},"end":{"line":420,"column":15029}},"88":{"start":{"line":421,"column":12},"end":{"line":421,"column":41}},"89":{"start":{"line":422,"column":12},"end":{"line":422,"column":54}},"90":{"start":{"line":424,"column":12},"end":{"line":424,"column":15194}},"91":{"start":{"line":426,"column":16},"end":{"line":426,"column":15279}},"92":{"start":{"line":434,"column":8},"end":{"line":434,"column":45}},"93":{"start":{"line":442,"column":8},"end":{"line":442,"column":15}},"94":{"start":{"line":446,"column":8},"end":{"line":446,"column":17}},"95":{"start":{"line":450,"column":8},"end":{"line":450,"column":36}},"96":{"start":{"line":451,"column":8},"end":{"line":451,"column":68}},"97":{"start":{"line":452,"column":8},"end":{"line":452,"column":56}},"98":{"start":{"line":453,"column":8},"end":{"line":453,"column":64}},"99":{"start":{"line":454,"column":8},"end":{"line":454,"column":70}},"100":{"start":{"line":456,"column":8},"end":{"line":456,"column":47}},"101":{"start":{"line":472,"column":8},"end":{"line":472,"column":36}},"102":{"start":{"line":473,"column":8},"end":{"line":473,"column":16884}},"103":{"start":{"line":493,"column":8},"end":{"line":493,"column":36}},"104":{"start":{"line":494,"column":8},"end":{"line":494,"column":17428}},"105":{"start":{"line":506,"column":8},"end":{"line":506,"column":33}},"106":{"start":{"line":515,"column":8},"end":{"line":515,"column":36}},"107":{"start":{"line":516,"column":8},"end":{"line":516,"column":18012}},"108":{"start":{"line":519,"column":8},"end":{"line":519,"column":88}},"109":{"start":{"line":523,"column":8},"end":{"line":523,"column":40}},"110":{"start":{"line":527,"column":8},"end":{"line":527,"column":38}},"111":{"start":{"line":531,"column":8},"end":{"line":531,"column":42}},"112":{"start":{"line":535,"column":8},"end":{"line":535,"column":60}},"113":{"start":{"line":539,"column":8},"end":{"line":539,"column":33}}},"branchMap":{"1":{"line":143,"type":"if","locations":[{"start":{"line":143,"column":8},"end":{"line":143,"column":8}},{"start":{"line":143,"column":8},"end":{"line":143,"column":8}}]},"2":{"line":148,"type":"if","locations":[{"start":{"line":148,"column":8},"end":{"line":148,"column":8}},{"start":{"line":148,"column":8},"end":{"line":148,"column":8}}]},"3":{"line":149,"type":"if","locations":[{"start":{"line":149,"column":8},"end":{"line":149,"column":8}},{"start":{"line":149,"column":8},"end":{"line":149,"column":8}}]},"4":{"line":156,"type":"if","locations":[{"start":{"line":156,"column":8},"end":{"line":156,"column":8}},{"start":{"line":156,"column":8},"end":{"line":156,"column":8}}]},"5":{"line":160,"type":"if","locations":[{"start":{"line":160,"column":49},"end":{"line":160,"column":49}},{"start":{"line":160,"column":49},"end":{"line":160,"column":49}}]},"6":{"line":161,"type":"if","locations":[{"start":{"line":161,"column":8},"end":{"line":161,"column":8}},{"start":{"line":161,"column":8},"end":{"line":161,"column":8}}]},"7":{"line":166,"type":"if","locations":[{"start":{"line":166,"column":61},"end":{"line":166,"column":61}},{"start":{"line":166,"column":61},"end":{"line":166,"column":61}}]},"8":{"line":167,"type":"if","locations":[{"start":{"line":167,"column":8},"end":{"line":167,"column":8}},{"start":{"line":167,"column":8},"end":{"line":167,"column":8}}]},"9":{"line":172,"type":"if","locations":[{"start":{"line":172,"column":55},"end":{"line":172,"column":55}},{"start":{"line":172,"column":55},"end":{"line":172,"column":55}}]},"10":{"line":177,"type":"if","locations":[{"start":{"line":177,"column":63},"end":{"line":177,"column":63}},{"start":{"line":177,"column":63},"end":{"line":177,"column":63}}]},"11":{"line":178,"type":"if","locations":[{"start":{"line":178,"column":8},"end":{"line":178,"column":8}},{"start":{"line":178,"column":8},"end":{"line":178,"column":8}}]},"12":{"line":184,"type":"if","locations":[{"start":{"line":184,"column":8},"end":{"line":184,"column":8}},{"start":{"line":184,"column":8},"end":{"line":184,"column":8}}]},"13":{"line":186,"type":"if","locations":[{"start":{"line":186,"column":12},"end":{"line":186,"column":12}},{"start":{"line":186,"column":12},"end":{"line":186,"column":12}}]},"14":{"line":205,"type":"if","locations":[{"start":{"line":205,"column":15},"end":{"line":205,"column":15}},{"start":{"line":205,"column":15},"end":{"line":205,"column":15}}]},"15":{"line":207,"type":"if","locations":[{"start":{"line":207,"column":8},"end":{"line":207,"column":8}},{"start":{"line":207,"column":8},"end":{"line":207,"column":8}}]},"16":{"line":208,"type":"if","locations":[{"start":{"line":208,"column":8},"end":{"line":208,"column":8}},{"start":{"line":208,"column":8},"end":{"line":208,"column":8}}]},"17":{"line":209,"type":"if","locations":[{"start":{"line":209,"column":8},"end":{"line":209,"column":8}},{"start":{"line":209,"column":8},"end":{"line":209,"column":8}}]},"18":{"line":210,"type":"if","locations":[{"start":{"line":210,"column":8},"end":{"line":210,"column":8}},{"start":{"line":210,"column":8},"end":{"line":210,"column":8}}]},"19":{"line":211,"type":"if","locations":[{"start":{"line":211,"column":8},"end":{"line":211,"column":8}},{"start":{"line":211,"column":8},"end":{"line":211,"column":8}}]},"20":{"line":212,"type":"if","locations":[{"start":{"line":212,"column":8},"end":{"line":212,"column":8}},{"start":{"line":212,"column":8},"end":{"line":212,"column":8}}]},"21":{"line":213,"type":"if","locations":[{"start":{"line":213,"column":8},"end":{"line":213,"column":8}},{"start":{"line":213,"column":8},"end":{"line":213,"column":8}}]},"22":{"line":214,"type":"if","locations":[{"start":{"line":214,"column":8},"end":{"line":214,"column":8}},{"start":{"line":214,"column":8},"end":{"line":214,"column":8}}]},"23":{"line":215,"type":"if","locations":[{"start":{"line":215,"column":8},"end":{"line":215,"column":8}},{"start":{"line":215,"column":8},"end":{"line":215,"column":8}}]},"24":{"line":220,"type":"if","locations":[{"start":{"line":220,"column":12},"end":{"line":220,"column":12}},{"start":{"line":220,"column":12},"end":{"line":220,"column":12}}]},"25":{"line":221,"type":"if","locations":[{"start":{"line":221,"column":12},"end":{"line":221,"column":12}},{"start":{"line":221,"column":12},"end":{"line":221,"column":12}}]},"26":{"line":253,"type":"if","locations":[{"start":{"line":253,"column":15},"end":{"line":253,"column":15}},{"start":{"line":253,"column":15},"end":{"line":253,"column":15}}]},"27":{"line":253,"type":"if","locations":[{"start":{"line":253,"column":30},"end":{"line":253,"column":30}},{"start":{"line":253,"column":30},"end":{"line":253,"column":30}}]},"28":{"line":253,"type":"if","locations":[{"start":{"line":253,"column":44},"end":{"line":253,"column":44}},{"start":{"line":253,"column":44},"end":{"line":253,"column":44}}]},"29":{"line":253,"type":"if","locations":[{"start":{"line":253,"column":58},"end":{"line":253,"column":58}},{"start":{"line":253,"column":58},"end":{"line":253,"column":58}}]},"30":{"line":257,"type":"if","locations":[{"start":{"line":257,"column":8},"end":{"line":257,"column":8}},{"start":{"line":257,"column":8},"end":{"line":257,"column":8}}]},"31":{"line":258,"type":"if","locations":[{"start":{"line":258,"column":8},"end":{"line":258,"column":8}},{"start":{"line":258,"column":8},"end":{"line":258,"column":8}}]},"32":{"line":260,"type":"if","locations":[{"start":{"line":260,"column":8},"end":{"line":260,"column":8}},{"start":{"line":260,"column":8},"end":{"line":260,"column":8}}]},"33":{"line":275,"type":"if","locations":[{"start":{"line":275,"column":43},"end":{"line":275,"column":43}},{"start":{"line":275,"column":43},"end":{"line":275,"column":43}}]},"34":{"line":275,"type":"if","locations":[{"start":{"line":275,"column":58},"end":{"line":275,"column":58}},{"start":{"line":275,"column":58},"end":{"line":275,"column":58}}]},"35":{"line":275,"type":"if","locations":[{"start":{"line":275,"column":72},"end":{"line":275,"column":72}},{"start":{"line":275,"column":72},"end":{"line":275,"column":72}}]},"36":{"line":275,"type":"if","locations":[{"start":{"line":275,"column":86},"end":{"line":275,"column":86}},{"start":{"line":275,"column":86},"end":{"line":275,"column":86}}]},"37":{"line":279,"type":"if","locations":[{"start":{"line":279,"column":8},"end":{"line":279,"column":8}},{"start":{"line":279,"column":8},"end":{"line":279,"column":8}}]},"38":{"line":283,"type":"if","locations":[{"start":{"line":283,"column":8},"end":{"line":283,"column":8}},{"start":{"line":283,"column":8},"end":{"line":283,"column":8}}]},"39":{"line":293,"type":"if","locations":[{"start":{"line":293,"column":8},"end":{"line":293,"column":8}},{"start":{"line":293,"column":8},"end":{"line":293,"column":8}}]},"40":{"line":312,"type":"if","locations":[{"start":{"line":312,"column":8},"end":{"line":312,"column":8}},{"start":{"line":312,"column":8},"end":{"line":312,"column":8}}]},"41":{"line":317,"type":"if","locations":[{"start":{"line":317,"column":8},"end":{"line":317,"column":8}},{"start":{"line":317,"column":8},"end":{"line":317,"column":8}}]},"42":{"line":318,"type":"if","locations":[{"start":{"line":318,"column":12},"end":{"line":318,"column":12}},{"start":{"line":318,"column":12},"end":{"line":318,"column":12}}]},"43":{"line":334,"type":"if","locations":[{"start":{"line":334,"column":15},"end":{"line":334,"column":15}},{"start":{"line":334,"column":15},"end":{"line":334,"column":15}}]},"44":{"line":334,"type":"if","locations":[{"start":{"line":334,"column":30},"end":{"line":334,"column":30}},{"start":{"line":334,"column":30},"end":{"line":334,"column":30}}]},"45":{"line":334,"type":"if","locations":[{"start":{"line":334,"column":44},"end":{"line":334,"column":44}},{"start":{"line":334,"column":44},"end":{"line":334,"column":44}}]},"46":{"line":338,"type":"if","locations":[{"start":{"line":338,"column":8},"end":{"line":338,"column":8}},{"start":{"line":338,"column":8},"end":{"line":338,"column":8}}]},"47":{"line":339,"type":"if","locations":[{"start":{"line":339,"column":8},"end":{"line":339,"column":8}},{"start":{"line":339,"column":8},"end":{"line":339,"column":8}}]},"48":{"line":340,"type":"if","locations":[{"start":{"line":340,"column":8},"end":{"line":340,"column":8}},{"start":{"line":340,"column":8},"end":{"line":340,"column":8}}]},"49":{"line":341,"type":"if","locations":[{"start":{"line":341,"column":8},"end":{"line":341,"column":8}},{"start":{"line":341,"column":8},"end":{"line":341,"column":8}}]},"50":{"line":342,"type":"if","locations":[{"start":{"line":342,"column":8},"end":{"line":342,"column":8}},{"start":{"line":342,"column":8},"end":{"line":342,"column":8}}]},"51":{"line":343,"type":"if","locations":[{"start":{"line":343,"column":8},"end":{"line":343,"column":8}},{"start":{"line":343,"column":8},"end":{"line":343,"column":8}}]},"52":{"line":346,"type":"if","locations":[{"start":{"line":346,"column":8},"end":{"line":346,"column":8}},{"start":{"line":346,"column":8},"end":{"line":346,"column":8}}]},"53":{"line":353,"type":"if","locations":[{"start":{"line":353,"column":8},"end":{"line":353,"column":8}},{"start":{"line":353,"column":8},"end":{"line":353,"column":8}}]},"54":{"line":379,"type":"if","locations":[{"start":{"line":379,"column":12},"end":{"line":379,"column":12}},{"start":{"line":379,"column":12},"end":{"line":379,"column":12}}]},"55":{"line":380,"type":"if","locations":[{"start":{"line":380,"column":16},"end":{"line":380,"column":16}},{"start":{"line":380,"column":16},"end":{"line":380,"column":16}}]},"56":{"line":384,"type":"if","locations":[{"start":{"line":384,"column":16},"end":{"line":384,"column":16}},{"start":{"line":384,"column":16},"end":{"line":384,"column":16}}]},"57":{"line":386,"type":"if","locations":[{"start":{"line":386,"column":20},"end":{"line":386,"column":20}},{"start":{"line":386,"column":20},"end":{"line":386,"column":20}}]},"58":{"line":395,"type":"if","locations":[{"start":{"line":395,"column":8},"end":{"line":395,"column":8}},{"start":{"line":395,"column":8},"end":{"line":395,"column":8}}]},"59":{"line":396,"type":"if","locations":[{"start":{"line":396,"column":12},"end":{"line":396,"column":12}},{"start":{"line":396,"column":12},"end":{"line":396,"column":12}}]},"60":{"line":409,"type":"if","locations":[{"start":{"line":409,"column":41},"end":{"line":409,"column":41}},{"start":{"line":409,"column":41},"end":{"line":409,"column":41}}]},"61":{"line":409,"type":"if","locations":[{"start":{"line":409,"column":56},"end":{"line":409,"column":56}},{"start":{"line":409,"column":56},"end":{"line":409,"column":56}}]},"62":{"line":409,"type":"if","locations":[{"start":{"line":409,"column":70},"end":{"line":409,"column":70}},{"start":{"line":409,"column":70},"end":{"line":409,"column":70}}]},"63":{"line":409,"type":"if","locations":[{"start":{"line":409,"column":84},"end":{"line":409,"column":84}},{"start":{"line":409,"column":84},"end":{"line":409,"column":84}}]},"64":{"line":413,"type":"if","locations":[{"start":{"line":413,"column":8},"end":{"line":413,"column":8}},{"start":{"line":413,"column":8},"end":{"line":413,"column":8}}]},"65":{"line":414,"type":"if","locations":[{"start":{"line":414,"column":8},"end":{"line":414,"column":8}},{"start":{"line":414,"column":8},"end":{"line":414,"column":8}}]},"66":{"line":424,"type":"if","locations":[{"start":{"line":424,"column":12},"end":{"line":424,"column":12}},{"start":{"line":424,"column":12},"end":{"line":424,"column":12}}]},"67":{"line":426,"type":"if","locations":[{"start":{"line":426,"column":16},"end":{"line":426,"column":16}},{"start":{"line":426,"column":16},"end":{"line":426,"column":16}}]},"68":{"line":441,"type":"if","locations":[{"start":{"line":441,"column":30},"end":{"line":441,"column":30}},{"start":{"line":441,"column":30},"end":{"line":441,"column":30}}]},"69":{"line":445,"type":"if","locations":[{"start":{"line":445,"column":32},"end":{"line":445,"column":32}},{"start":{"line":445,"column":32},"end":{"line":445,"column":32}}]},"70":{"line":449,"type":"if","locations":[{"start":{"line":449,"column":73},"end":{"line":449,"column":73}},{"start":{"line":449,"column":73},"end":{"line":449,"column":73}}]},"71":{"line":451,"type":"if","locations":[{"start":{"line":451,"column":8},"end":{"line":451,"column":8}},{"start":{"line":451,"column":8},"end":{"line":451,"column":8}}]},"72":{"line":452,"type":"if","locations":[{"start":{"line":452,"column":8},"end":{"line":452,"column":8}},{"start":{"line":452,"column":8},"end":{"line":452,"column":8}}]},"73":{"line":453,"type":"if","locations":[{"start":{"line":453,"column":8},"end":{"line":453,"column":8}},{"start":{"line":453,"column":8},"end":{"line":453,"column":8}}]},"74":{"line":454,"type":"if","locations":[{"start":{"line":454,"column":8},"end":{"line":454,"column":8}},{"start":{"line":454,"column":8},"end":{"line":454,"column":8}}]},"75":{"line":517,"type":"if","locations":[{"start":{"line":517,"column":14},"end":{"line":517,"column":53}},{"start":{"line":518,"column":14},"end":{"line":518,"column":14}}]}}}}